02/03/2022 17:37:42: Testando warped to map #1.
02/03/2022 17:37:46: Testando warped to map #2.
02/03/2022 17:37:49: Testando warped to map #1.
02/03/2022 17:37:51: Testando warped to map #2.
02/03/2022 17:37:53: Testando warped to map #1.
02/03/2022 17:44:42: Testando saved Npc #1.
02/03/2022 17:45:26: Testando saved Npc #1.
02/03/2022 17:45:29: Testando has respawned map #1
02/03/2022 17:45:38: Testando has respawned map #1
02/03/2022 17:47:35: Testando warped to map #1.
02/03/2022 17:47:36: Testando warped to map #2.
02/03/2022 17:47:38: Testando warped to map #1.
02/03/2022 17:47:45: Testando has respawned map #1
02/03/2022 17:57:32: Testando warped to map #2.
04/03/2022 15:06:46: TESTANDO saved item #1.
04/03/2022 15:14:46: TESTANDO saved item #1.
04/03/2022 15:14:46: TESTANDO saved item #2.
04/03/2022 15:24:12: TESTANDO saved item #1.
04/03/2022 15:24:12: TESTANDO saved item #2.
04/03/2022 15:24:48: TESTANDO saved item #1.
04/03/2022 15:24:48: TESTANDO saved item #2.
04/03/2022 15:25:02: TESTANDO saved item #1.
04/03/2022 15:25:02: TESTANDO saved item #2.
04/03/2022 15:30:40: TESTANDO saved item #1.
04/03/2022 15:30:40: TESTANDO saved item #3.
04/03/2022 17:28:51: Podolfo saved item #1.
04/03/2022 17:28:51: Podolfo saved item #2.
04/03/2022 17:28:51: Podolfo saved item #3.
04/03/2022 17:31:28: Podolfo saved item #1.
04/03/2022 17:31:28: Podolfo saved item #2.
04/03/2022 17:47:20: Podolfo saved Spell #1.
04/03/2022 17:47:31: Podolfo saved Animation #1.
04/03/2022 17:47:55: Podolfo saved Spell #1.
04/03/2022 17:48:21: Podolfo saved item #1.
04/03/2022 17:48:21: Podolfo saved item #3.
04/03/2022 17:52:03: Podolfo saved Spell #1.
04/03/2022 17:52:23: Podolfo saved Npc #1.
04/03/2022 17:53:34: Podolfo saved Npc #1.
04/03/2022 17:54:02: Podolfo saved Npc #1.
04/03/2022 17:54:19: Podolfo saved item #1.
04/03/2022 17:54:20: Podolfo saved item #3.
04/03/2022 17:54:55: Podolfo saved item #1.
04/03/2022 17:54:55: Podolfo saved item #3.
04/03/2022 17:55:00: Podolfo has respawned map #1
04/03/2022 18:42:13: Podolfo saved Animation #1.
04/03/2022 18:42:25: Podolfo saved Spell #1.
04/03/2022 18:42:44: Podolfo saved Npc #1.
04/03/2022 18:42:46: Podolfo has respawned map #1
04/03/2022 22:26:24: Podolfo saved item #1.
04/03/2022 22:26:24: Podolfo saved item #3.
05/03/2022 01:15:00: Podolfo warped to map #1.
05/03/2022 01:15:04: Podolfo warped to map #2.
05/03/2022 01:15:06: Podolfo warped to map #1.
05/03/2022 01:23:39: Podolfo warped to map #2.
05/03/2022 01:23:41: Podolfo warped to map #1.
05/03/2022 01:23:53: Podolfo warped to map #2.
05/03/2022 01:23:55: Podolfo warped to map #1.
05/03/2022 01:25:57: Podolfo warped to map #2.
05/03/2022 01:26:00: Podolfo warped to map #1.
05/03/2022 01:38:17: Podolfo warped to map #2.
05/03/2022 01:38:19: Podolfo warped to map #1.
05/03/2022 01:38:21: Podolfo warped to map #2.
05/03/2022 01:38:22: Podolfo warped to map #1.
05/03/2022 01:40:33: Podolfo saved Npc #1.
05/03/2022 01:40:34: Podolfo has respawned map #1
05/03/2022 01:40:35: Podolfo has respawned map #1
05/03/2022 01:40:35: Podolfo has respawned map #1
05/03/2022 01:40:36: Podolfo has respawned map #1
05/03/2022 01:40:36: Podolfo has respawned map #1
05/03/2022 01:40:36: Podolfo has respawned map #1
05/03/2022 01:43:10: Podolfo warped to map #2.
05/03/2022 01:43:12: Podolfo warped to map #1.
05/03/2022 01:43:14: Podolfo warped to map #2.
05/03/2022 01:43:16: Podolfo warped to map #1.
05/03/2022 01:43:38: Podolfo warped to map #2.
05/03/2022 01:43:39: Podolfo warped to map #1.
05/03/2022 01:44:12: Podolfo saved Npc #1.
05/03/2022 01:51:10: Podolfo warped to map #2.
05/03/2022 01:51:12: Podolfo warped to map #1.
05/03/2022 01:51:50: Podolfo warped to map #2.
05/03/2022 01:51:52: Podolfo warped to map #1.
06/03/2022 15:18:33: Podolfo saved Npc #1.
06/03/2022 15:18:48: Podolfo saved item #1.
06/03/2022 15:18:48: Podolfo saved item #3.
06/03/2022 15:18:58: Podolfo saved Npc #1.
06/03/2022 17:45:16: Podolfo saved Npc #1.
06/03/2022 17:45:28: Podolfo saved Npc #1.
06/03/2022 17:46:10: Podolfo saved Npc #1.
06/03/2022 17:47:11: Podolfo saved Npc #1.
06/03/2022 17:47:13: Podolfo has respawned map #1
06/03/2022 17:51:45: Podolfo saved Npc #1.
06/03/2022 17:51:45: Podolfo saved Npc #2.
06/03/2022 18:13:45: Podolfo saved Npc #1.
06/03/2022 18:13:54: Podolfo saved Npc #1.
06/03/2022 18:13:57: Podolfo saved Npc #1.
06/03/2022 18:15:58: Podolfo saved Npc #1.
06/03/2022 18:16:08: Podolfo saved Npc #1.
06/03/2022 18:16:17: Podolfo saved Npc #1.
06/03/2022 18:16:38: Podolfo saved Npc #1.
06/03/2022 18:17:05: Podolfo saved Npc #1.
06/03/2022 18:17:05: Podolfo saved Npc #2.
06/03/2022 18:17:06: Podolfo has respawned map #1
06/03/2022 18:35:45: Podolfo saved Npc #1.
06/03/2022 18:35:48: Podolfo has respawned map #1
06/03/2022 20:12:34: tesst has respawned map #1
06/03/2022 20:12:35: tesst has respawned map #1
06/03/2022 22:22:40: tesst saved item #1.
06/03/2022 22:22:40: tesst saved item #2.
06/03/2022 22:23:12: tesst saved item #1.
06/03/2022 22:35:16: tesst saved item #1.
06/03/2022 22:36:25: tesst saved item #1.
08/03/2022 00:39:26: testando saved item #1.
08/03/2022 01:10:49: eaaaa saved item #1.
08/03/2022 01:12:05: eaaaa saved item #1.
08/03/2022 01:12:05: eaaaa saved item #2.
08/03/2022 01:22:25: eaaaa saved item #1.
08/03/2022 01:22:46: eaaaa saved item #1.
08/03/2022 01:22:46: eaaaa saved item #2.
08/03/2022 01:24:11: eaaaa saved item #1.
08/03/2022 01:24:35: eaaaa saved item #1.
08/03/2022 18:19:04: Tester warped to map #2.
08/03/2022 18:19:33: Tester warped to map #1.
08/03/2022 18:33:44: Testerrr warped to map #2.
08/03/2022 18:33:45: Testerrr warped to map #1.
08/03/2022 18:34:19: Testerrr warped to map #2.
08/03/2022 18:34:20: Testerrr warped to map #1.
09/03/2022 14:51:44: Testerrr saved Npc #1.
09/03/2022 14:59:05: Testerrr has respawned map #1
09/03/2022 15:34:35: Testerrr saved Npc #1.
09/03/2022 15:34:38: Testerrr has respawned map #1
09/03/2022 20:10:20: Testerrr saved Npc #1.
09/03/2022 20:10:49: Testerrr saved Spell #1.
09/03/2022 20:10:56: Testerrr saved Npc #1.
09/03/2022 20:11:01: Testerrr saved Npc #1.
10/03/2022 16:47:34: Tester saved item #1.
10/03/2022 16:47:34: Tester saved item #2.
10/03/2022 16:47:34: Tester saved item #3.
10/03/2022 16:47:56: Tester saved item #1.
10/03/2022 16:47:56: Tester saved item #2.
10/03/2022 16:47:56: Tester saved item #3.
17/03/2022 00:03:40: Tester saved Npc #1.
17/03/2022 00:03:40: Tester saved Npc #10.
17/03/2022 00:05:59: Tester saved Npc #1.
17/03/2022 00:05:59: Tester saved Npc #10.
17/03/2022 00:06:43: Tester has respawned map #1
20/03/2022 21:39:08: testandoo saved Npc #1.
20/03/2022 21:39:08: testandoo saved Npc #10.
20/03/2022 21:39:27: testandoo has respawned map #1
20/03/2022 21:39:51: testandoo saved Npc #1.
20/03/2022 21:39:51: testandoo saved Npc #10.
20/03/2022 21:43:46: testandoo has respawned map #1
20/03/2022 21:43:52: testandoo saved Npc #1.
20/03/2022 21:43:52: testandoo saved Npc #10.
24/04/2022 00:16:34: Guaxinin saved Spell #1.
24/04/2022 00:16:53: Guaxinin saved item #1.
24/04/2022 00:16:53: Guaxinin saved item #3.
24/04/2022 00:17:03: Guaxinin saved item #1.
24/04/2022 00:17:03: Guaxinin saved item #3.
24/04/2022 02:33:46: Guaxinin saved item #1.
24/04/2022 02:33:46: Guaxinin saved item #3.
24/04/2022 03:20:07: Guaxinin saved Spell #1.
24/04/2022 20:13:00: Guaxinin saved Spell #1.
24/04/2022 20:13:00: Guaxinin saved Spell #2.
24/04/2022 20:24:45: Guaxinin saved item #1.
25/04/2022 16:15:31: Guaxinin saved Spell #1.
17/05/2022 23:27:03: eaeeee saved Npc #1.
17/05/2022 23:28:07: eaeeee saved Npc #1.
18/05/2022 21:35:52: eaeeee saved Serial #1.
18/05/2022 21:35:52: eaeeee saved Serial #2.
18/05/2022 21:35:52: eaeeee saved Serial #3.
18/05/2022 21:35:52: eaeeee saved Serial #4.
18/05/2022 21:45:06: eaeeee saved Serial #1.
18/05/2022 21:45:36: eaeeee saved Serial #1.
18/05/2022 21:48:53: eaeeee saved Serial #1.
18/05/2022 21:48:53: eaeeee saved Serial #5.
18/05/2022 21:49:05: eaeeee saved Serial #1.
18/05/2022 21:49:05: eaeeee saved Serial #2.
18/05/2022 21:52:46: eaeeee saved Serial #1.
18/05/2022 21:52:46: eaeeee saved Serial #2.
18/05/2022 21:54:05: eaeeee saved Serial #1.
18/05/2022 21:54:05: eaeeee saved Serial #2.
18/05/2022 21:56:21: eaeeee saved Serial #1.
18/05/2022 21:56:21: eaeeee saved Serial #2.
18/05/2022 21:57:36: eaeeee saved Serial #1.
18/05/2022 21:57:36: eaeeee saved Serial #2.
18/05/2022 21:58:12: eaeeee saved Serial #1.
18/05/2022 21:58:12: eaeeee saved Serial #2.
18/05/2022 21:58:53: eaeeee saved Serial #1.
18/05/2022 22:18:52: eaeeee saved Serial #1.
18/05/2022 22:18:52: eaeeee saved Serial #2.
18/05/2022 22:31:02: eaeeee saved Serial #1.
18/05/2022 22:31:10: eaeeee saved Serial #1.
18/05/2022 22:31:10: eaeeee saved Serial #2.
18/05/2022 22:49:40: eaeeee saved Serial #1.
18/05/2022 22:49:40: eaeeee saved Serial #2.
18/05/2022 22:50:21: eaeeee saved Serial #1.
18/05/2022 22:50:21: eaeeee saved Serial #2.
18/05/2022 22:50:21: eaeeee saved Serial #3.
18/05/2022 22:50:21: eaeeee saved Serial #4.
18/05/2022 22:52:01: eaeeee saved Serial #1.
18/05/2022 23:11:29: eaeeee saved Serial #1.
18/05/2022 23:26:46: eaeeee warped to map #1.
18/05/2022 23:26:48: eaeeee warped to map #2.
18/05/2022 23:26:50: eaeeee warped to map #3.
18/05/2022 23:26:53: eaeeee warped to map #4.
18/05/2022 23:26:56: eaeeee warped to map #3.
18/05/2022 23:26:58: eaeeee warped to map #2.
18/05/2022 23:26:59: eaeeee warped to map #1.
18/05/2022 23:28:21: eaeeee warped to map #2.
18/05/2022 23:28:42: eaeeee warped to map #2.
18/05/2022 23:28:45: eaeeee warped to map #3.
18/05/2022 23:28:46: eaeeee warped to map #2.
18/05/2022 23:29:42: eaeeee warped to map #2.
18/05/2022 23:29:43: eaeeee warped to map #2.
18/05/2022 23:33:47: eaeeee warped to map #2.
18/05/2022 23:34:03: eaeeee warped to map #1.
18/05/2022 23:34:53: eaeeee warped to map #1.
18/05/2022 23:34:55: eaeeee warped to map #1.
18/05/2022 23:34:56: eaeeee warped to map #2.
18/05/2022 23:34:58: eaeeee warped to map #2.
18/05/2022 23:35:00: eaeeee warped to map #1.
18/05/2022 23:35:10: eaeeee warped to map #2.
18/05/2022 23:35:40: eaeeee warped to map #2.
18/05/2022 23:36:29: eaeeee warped to map #1.
18/05/2022 23:36:35: eaeeee warped to map #1.
18/05/2022 23:36:36: eaeeee warped to map #1.
18/05/2022 23:36:45: eaeeee warped to map #2.
19/05/2022 17:17:53: eaeeee saved Serial #1.
19/05/2022 17:24:59: eaeeee saved Serial #1.
19/05/2022 17:28:42: eaeeee saved Serial #1.
23/05/2022 13:45:23: eaeeee saved Resource #1.
23/05/2022 13:51:17: eaeeee saved Resource #1.
23/05/2022 13:57:34: eaeeee saved Resource #1.
23/05/2022 14:15:52: eaeeee saved Resource #1.
23/05/2022 14:33:14: eaeeee saved Resource #1.
23/05/2022 14:52:20: eaeeee saved Npc #1.
23/05/2022 14:52:20: eaeeee saved Npc #10.
23/05/2022 14:52:29: eaeeee saved Npc #1.
23/05/2022 14:52:29: eaeeee saved Npc #10.
27/05/2022 01:00:28: eaeeee saved Serial #1.
27/05/2022 01:02:15: eaeeee saved Serial #1.
27/05/2022 01:06:05: eaeeee saved Serial #1.
27/05/2022 01:06:12: eaeeee saved Serial #1.
27/05/2022 01:07:30: eaeeee saved Serial #1.
27/05/2022 01:10:41: eaeeee saved Serial #1.
27/05/2022 01:11:40: eaeeee saved Serial #1.
27/05/2022 01:15:01: eaeeee saved Serial #1.
27/05/2022 01:16:17: eaeeee saved Serial #1.
27/05/2022 01:17:06: eaeeee saved Serial #1.
27/05/2022 01:18:02: eaeeee saved Serial #1.
27/05/2022 01:24:51: eaeeee saved Serial #1.
27/05/2022 01:25:01: eaeeee saved Serial #1.
27/05/2022 01:29:29: eaeeee saved Serial #1.
27/05/2022 01:31:03: eaeeee saved Serial #1.
27/05/2022 01:31:15: eaeeee saved Serial #1.
27/05/2022 01:31:29: eaeeee saved Serial #1.
27/05/2022 01:32:14: eaeeee saved Serial #1.
27/05/2022 01:35:07: eaeeee saved Serial #1.
27/05/2022 01:42:29: eaeeee saved Serial #1.
27/05/2022 01:42:35: eaeeee saved Serial #1.
27/05/2022 23:35:12: eaeeee saved Serial #1.
28/05/2022 00:01:33: eaeeee saved Serial #1.
28/05/2022 00:03:23: eaeeee saved Serial #1.
28/05/2022 00:05:56: eaeeee saved Serial #1.
28/05/2022 00:30:48: eaeeee saved Serial #1.
28/05/2022 00:35:23: eaeeee saved Serial #1.
28/05/2022 01:39:09: eaeeee saved Serial #1.
28/05/2022 01:39:42: eaeeee saved Serial #1.
28/05/2022 01:41:16: eaeeee saved Serial #1.
28/05/2022 01:52:35: eaeeee saved Serial #1.
29/05/2022 01:35:33: eaeeee warped to map #55.
29/05/2022 01:52:06: eaeeee warped to map #1.
29/05/2022 17:12:16: eaeeee warped to map #50.
29/05/2022 17:20:57: eaeeee warped to map #20.
29/05/2022 17:21:00: eaeeee warped to map #20.
29/05/2022 17:21:02: eaeeee warped to map #25.
29/05/2022 17:27:38: eaeeee warped to map #24.
29/05/2022 17:29:20: eaeeee warped to map #53.
29/05/2022 17:29:42: eaeeee warped to map #43.
29/05/2022 17:29:44: eaeeee warped to map #53.
29/05/2022 17:31:50: eaeeee warped to map #51.
29/05/2022 17:32:23: eaeeee warped to map #41.
29/05/2022 17:33:01: eaeeee warped to map #43.
29/05/2022 17:33:11: eaeeee warped to map #44.
29/05/2022 17:35:33: eaeeee warped to map #57.
29/05/2022 17:35:52: eaeeee warped to map #21.
29/05/2022 18:10:42: eaeeee warped to map #21.
29/05/2022 18:10:45: eaeeee warped to map #44.
29/05/2022 18:10:48: eaeeee warped to map #35.
29/05/2022 20:55:14: eaeeee warped to map #1.
29/05/2022 20:55:35: eaeeee saved Npc #1.
29/05/2022 20:55:35: eaeeee saved Npc #10.
29/05/2022 20:56:26: eaeeee saved Serial #1.
29/05/2022 20:59:52: eaeeee warped to map #1.
29/05/2022 21:06:39: eaeeee saved Resource #1.
29/05/2022 21:09:52: eaeeee saved Conv #1.
29/05/2022 21:23:38: eaeeee saved Npc #1.
29/05/2022 21:23:42: eaeeee saved Spell #1.
29/05/2022 21:23:44: eaeeee saved item #1.
29/05/2022 21:24:10: eaeeee saved Resource #1.
29/05/2022 21:44:55: eaeeee salvou a Conversa #1.
29/05/2022 21:51:19: eaeeee salvou a Conversa #1.
29/05/2022 22:04:28: eaeeee salvou a Conversa #1.
29/05/2022 22:12:08: eaeeee salvou a Conversa #1.
29/05/2022 22:12:20: eaeeee salvou a Conversa #1.
29/05/2022 22:12:27: eaeeee salvou a Conversa #1.
29/05/2022 22:12:37: eaeeee salvou a Conversa #1.
29/05/2022 22:12:42: eaeeee salvou a Conversa #1.
29/05/2022 22:13:49: eaeeee salvou a Conversa #1.
29/05/2022 22:15:21: eaeeee salvou a Conversa #1.
29/05/2022 22:15:28: eaeeee salvou a Conversa #1.
29/05/2022 22:15:34: eaeeee salvou a Conversa #1.
29/05/2022 22:15:57: eaeeee salvou a Conversa #1.
29/05/2022 22:23:48: eaeeee salvou a Conversa #1.
29/05/2022 22:25:37: eaeeee salvou a Conversa #1.
29/05/2022 22:25:42: eaeeee salvou a Conversa #1.
29/05/2022 22:25:53: eaeeee salvou a Conversa #1.
29/05/2022 22:26:04: eaeeee salvou a Conversa #1.
03/06/2022 16:42:32: eaeeee saved Quest #1.
03/06/2022 16:42:41: eaeeee saved Quest #1.
03/06/2022 16:43:38: eaeeee saved Quest #1.
03/06/2022 16:44:01: eaeeee saved Quest #1.
03/06/2022 16:44:11: eaeeee saved Quest #1.
04/06/2022 00:04:28: Guaxinin saved item #1.
04/06/2022 00:05:21: Guaxinin saved item #1.
04/06/2022 00:09:48: Guaxinin saved Serial #1.
04/06/2022 18:15:15: Guaxinin saved Quest #1.
04/06/2022 18:15:52: Guaxinin saved Quest #1.
04/06/2022 18:17:07: Guaxinin salvou a Conversa #1.
04/06/2022 18:18:28: Guaxinin saved Npc #1.
04/06/2022 18:18:28: Guaxinin saved Npc #10.
04/06/2022 18:18:37: Guaxinin saved Npc #1.
04/06/2022 18:18:37: Guaxinin saved Npc #10.
04/06/2022 18:18:37: Guaxinin saved Npc #11.
04/06/2022 18:19:04: Guaxinin salvou a Conversa #1.
04/06/2022 18:19:33: Guaxinin salvou a Conversa #1.
04/06/2022 18:22:30: Guaxinin saved Quest #1.
04/06/2022 18:23:17: Guaxinin saved Quest #1.
04/06/2022 18:25:24: Guaxinin saved Quest #1.
04/06/2022 18:25:55: Guaxinin saved Quest #1.
04/06/2022 18:26:42: Guaxinin saved Quest #1.
04/06/2022 18:28:08: Guaxinin saved Quest #1.
04/06/2022 18:39:22: Guaxinin saved Quest #1.
04/06/2022 18:40:01: Guaxinin saved Quest #1.
04/06/2022 18:40:30: Guaxinin saved Quest #1.
04/06/2022 18:53:47: Guaxinin saved Npc #1.
04/06/2022 18:54:51: Guaxinin saved Quest #1.
04/06/2022 18:55:05: Guaxinin saved Quest #1.
04/06/2022 19:00:37: Guaxinin saved Quest #1.
04/06/2022 19:08:11: Guaxinin saved Quest #1.
04/06/2022 19:08:33: Guaxinin saved Quest #1.
04/06/2022 19:09:30: Guaxinin saved Quest #1.
04/06/2022 19:37:27: Guaxinin salvou a Conversa #1.
04/06/2022 20:26:19: Guaxinin saved Quest #1.
04/06/2022 20:36:24: Guaxinin salvou a Conversa #1.
04/06/2022 20:36:40: Guaxinin salvou a Conversa #1.
04/06/2022 20:37:14: Guaxinin salvou a Conversa #1.
04/06/2022 20:44:57: Guaxinin salvou a Conversa #1.
04/06/2022 20:45:20: Guaxinin salvou a Conversa #1.
04/06/2022 20:45:34: Guaxinin salvou a Conversa #1.
04/06/2022 20:49:16: Guaxinin salvou a Conversa #1.
04/06/2022 21:37:30: Guaxinin saved Npc #1.
04/06/2022 21:37:41: Guaxinin saved Npc #1.
04/06/2022 21:37:44: Guaxinin saved Quest #1.
04/06/2022 21:38:16: Guaxinin saved Npc #1.
04/06/2022 21:38:22: Guaxinin has respawned map #1
04/06/2022 21:38:46: Guaxinin saved Spell #1.
04/06/2022 21:38:46: Guaxinin saved Spell #2.
04/06/2022 22:49:38: Guaxinin saved Npc #1.
04/06/2022 23:02:04: Guaxinin saved Spell #1.
04/06/2022 23:02:04: Guaxinin saved Spell #2.
04/06/2022 23:06:59: Guaxinin has respawned map #1
12/06/2022 14:10:27: Guaxinin saved Quest #1.
12/06/2022 14:10:27: Guaxinin saved Quest #2.
12/06/2022 14:11:23: Guaxinin salvou a Conversa #1.
12/06/2022 14:11:23: Guaxinin salvou a Conversa #2.
12/06/2022 14:11:23: Guaxinin salvou a Conversa #3.
12/06/2022 14:13:43: Guaxinin saved Npc #1.
12/06/2022 14:13:43: Guaxinin saved Npc #2.
12/06/2022 14:13:43: Guaxinin saved Npc #3.
12/06/2022 14:13:43: Guaxinin saved Npc #11.
12/06/2022 14:15:24: Guaxinin has respawned map #1
12/06/2022 14:16:32: Guaxinin saved Quest #1.
12/06/2022 14:16:32: Guaxinin saved Quest #2.
12/06/2022 14:16:38: Guaxinin salvou a Conversa #1.
12/06/2022 14:16:38: Guaxinin salvou a Conversa #2.
12/06/2022 14:19:14: Guaxinin salvou a Conversa #1.
12/06/2022 14:19:14: Guaxinin salvou a Conversa #2.
12/06/2022 14:19:28: Guaxinin saved Quest #1.
12/06/2022 14:19:28: Guaxinin saved Quest #2.
12/06/2022 14:19:59: Guaxinin saved Npc #1.
12/06/2022 14:19:59: Guaxinin saved Npc #10.
12/06/2022 14:19:59: Guaxinin saved Npc #11.
12/06/2022 14:20:54: Guaxinin saved Npc #1.
12/06/2022 14:20:54: Guaxinin saved Npc #6.
12/06/2022 14:20:54: Guaxinin saved Npc #7.
12/06/2022 14:20:54: Guaxinin saved Npc #10.
12/06/2022 14:20:54: Guaxinin saved Npc #11.
12/06/2022 14:20:54: Guaxinin saved Npc #12.
12/06/2022 14:20:54: Guaxinin saved Npc #13.
12/06/2022 14:20:54: Guaxinin saved Npc #15.
12/06/2022 14:20:54: Guaxinin saved Npc #19.
12/06/2022 14:21:00: Guaxinin has respawned map #1
12/06/2022 14:58:37: Guaxinin has respawned map #1
12/06/2022 15:21:19: Guaxinin saved Npc #1.
12/06/2022 15:21:23: Guaxinin has respawned map #1
12/06/2022 15:21:39: Guaxinin saved Quest #1.
12/06/2022 15:33:15: Guaxinin saved Quest #1.
12/06/2022 15:33:15: Guaxinin saved Quest #2.
12/06/2022 15:33:19: Guaxinin has respawned map #1
12/06/2022 17:48:44: Guaxinin saved item #1.
12/06/2022 17:48:44: Guaxinin saved item #2.
12/06/2022 17:48:52: Guaxinin saved item #1.
12/06/2022 17:48:52: Guaxinin saved item #2.
12/06/2022 17:59:06: Guaxinin saved Quest #1.
12/06/2022 17:59:06: Guaxinin saved Quest #2.
12/06/2022 18:02:42: Guaxinin saved Quest #1.
12/06/2022 18:02:42: Guaxinin saved Quest #2.
12/06/2022 19:15:17: Guaxinin saved item #1.
12/06/2022 19:20:31: Guaxinin saved item #1.
12/06/2022 19:20:31: Guaxinin saved item #3.
12/06/2022 19:21:46: Guaxinin saved item #1.
12/06/2022 19:33:05: Guaxinin has respawned map #1
12/06/2022 20:06:09: Guaxinin saved Resource #1.
12/06/2022 20:19:03: Guaxinin saved Quest #1.
12/06/2022 20:19:04: Guaxinin saved Quest #2.
12/06/2022 20:32:30: Guaxinin saved Resource #1.
12/06/2022 20:33:23: Guaxinin saved Resource #1.
12/06/2022 20:33:37: Guaxinin saved Resource #1.
12/06/2022 20:33:59: Guaxinin saved item #1.
12/06/2022 20:34:10: Guaxinin saved Resource #1.
12/06/2022 20:34:23: Guaxinin saved item #1.
12/06/2022 20:34:23: Guaxinin saved item #3.
12/06/2022 20:34:39: Guaxinin saved Resource #1.
12/06/2022 20:34:47: Guaxinin saved item #1.
12/06/2022 20:34:47: Guaxinin saved item #3.
12/06/2022 20:35:16: Guaxinin saved Quest #1.
12/06/2022 20:35:16: Guaxinin saved Quest #2.
12/06/2022 20:48:29: Guaxinin saved Quest #1.
12/06/2022 20:48:29: Guaxinin saved Quest #2.
13/06/2022 22:33:01: Guaxinin saved Quest #1.
13/06/2022 22:33:01: Guaxinin saved Quest #2.
13/06/2022 22:33:06: Guaxinin has respawned map #1
16/06/2022 12:54:17: Guaxinin has respawned map #1
16/06/2022 13:00:52: Guaxinin has respawned map #1
19/06/2022 12:39:35: Guaxinin saved item #1.
19/06/2022 12:39:35: Guaxinin saved item #2.
19/06/2022 12:39:35: Guaxinin saved item #3.
19/06/2022 12:51:39: Guaxinin saved item #1.
19/06/2022 12:51:39: Guaxinin saved item #2.
19/06/2022 13:12:26: Guaxinin saved Npc #1.
19/06/2022 13:12:28: Guaxinin has respawned map #1
19/06/2022 13:12:36: Guaxinin has respawned map #1
19/06/2022 13:12:45: Guaxinin saved Npc #1.
19/06/2022 13:13:26: Guaxinin saved item #1.
19/06/2022 13:13:26: Guaxinin saved item #2.
19/06/2022 13:14:05: Guaxinin saved item #1.
19/06/2022 13:14:05: Guaxinin saved item #2.
19/06/2022 13:32:12: Guaxinin saved item #1.
19/06/2022 13:36:38: Guaxinin saved item #1.
19/06/2022 13:47:23: Guaxinin saved item #1.
19/06/2022 13:47:23: Guaxinin saved item #2.
19/06/2022 13:47:51: Guaxinin saved item #1.
19/06/2022 13:47:51: Guaxinin saved item #2.
19/06/2022 16:17:30: Guaxinin saved item #1.
19/06/2022 16:17:30: Guaxinin saved item #3.
19/06/2022 16:17:38: Guaxinin saved item #1.
19/06/2022 16:17:38: Guaxinin saved item #2.
19/06/2022 16:17:38: Guaxinin saved item #3.
19/06/2022 16:33:42: Guaxinin saved item #1.
19/06/2022 16:33:42: Guaxinin saved item #3.
19/06/2022 16:35:38: Guaxinin saved item #1.
19/06/2022 16:35:38: Guaxinin saved item #3.
19/06/2022 16:35:58: Guaxinin saved item #1.
19/06/2022 16:35:58: Guaxinin saved item #3.
19/06/2022 16:36:16: Guaxinin saved item #1.
19/06/2022 16:36:16: Guaxinin saved item #3.
19/06/2022 16:41:56: Guaxinin saved item #1.
19/06/2022 16:41:56: Guaxinin saved item #3.
19/06/2022 16:42:09: Guaxinin saved item #1.
19/06/2022 16:42:09: Guaxinin saved item #3.
19/06/2022 16:42:19: Guaxinin saved item #1.
19/06/2022 16:42:19: Guaxinin saved item #3.
19/06/2022 16:43:02: Guaxinin has respawned map #1
19/06/2022 16:43:23: Guaxinin saved item #1.
19/06/2022 16:43:23: Guaxinin saved item #3.
19/06/2022 16:44:02: Guaxinin saved item #1.
19/06/2022 16:44:02: Guaxinin saved item #3.
19/06/2022 16:44:17: Guaxinin saved item #1.
19/06/2022 16:44:17: Guaxinin saved item #3.
19/06/2022 16:45:54: Guaxinin saved item #1.
19/06/2022 16:45:54: Guaxinin saved item #3.
19/06/2022 16:47:05: Guaxinin saved item #1.
19/06/2022 16:47:05: Guaxinin saved item #3.
19/06/2022 18:15:43: Guaxinin saved item #1.
19/06/2022 18:15:43: Guaxinin saved item #2.
19/06/2022 18:15:56: Guaxinin saved Npc #1.
19/06/2022 18:15:56: Guaxinin saved Npc #2.
19/06/2022 18:15:58: Guaxinin has respawned map #1
19/06/2022 18:16:38: Guaxinin saved item #1.
19/06/2022 18:16:38: Guaxinin saved item #2.
19/06/2022 18:16:38: Guaxinin saved item #3.
19/06/2022 18:17:01: Guaxinin has respawned map #1
19/06/2022 18:17:35: Guaxinin saved item #1.
19/06/2022 18:17:35: Guaxinin saved item #2.
19/06/2022 20:57:56: Guaxinin saved Serial #1.
19/06/2022 22:00:39: Guaxinin saved Resource #1.
19/06/2022 22:00:53: Guaxinin saved Resource #1.
14/08/2022 12:49:47: Mizuki saved item #1.
14/08/2022 12:49:47: Mizuki saved item #2.
14/08/2022 12:52:03: Mizuki saved item #1.
14/08/2022 12:52:03: Mizuki saved item #2.
14/08/2022 12:52:08: Mizuki saved item #1.
14/08/2022 12:52:08: Mizuki saved item #2.
14/08/2022 12:54:26: Mizuki saved Npc #1.
14/08/2022 12:54:26: Mizuki saved Npc #2.
14/08/2022 12:55:02: Mizuki saved Npc #1.
14/08/2022 12:55:02: Mizuki saved Npc #2.
14/08/2022 13:42:02: Mizuki saved item #1.
14/08/2022 13:42:02: Mizuki saved item #4.
14/08/2022 13:46:28: Mizuki saved item #1.
14/08/2022 13:46:28: Mizuki saved item #2.
14/08/2022 13:46:28: Mizuki saved item #3.
14/08/2022 13:48:02: Mizuki saved Npc #1.
14/08/2022 13:48:02: Mizuki saved Npc #2.
14/08/2022 14:47:40: Mizuki saved item #1.
14/08/2022 14:53:58: Mizuki saved Npc #1.
14/08/2022 14:53:58: Mizuki saved Npc #3.
14/08/2022 14:53:58: Mizuki saved Npc #12.
14/08/2022 15:05:15: Mizuki salvou a Conversa #1.
14/08/2022 15:05:15: Mizuki salvou a Conversa #3.
14/08/2022 15:05:46: Mizuki saved Npc #1.
14/08/2022 15:05:46: Mizuki saved Npc #12.
14/08/2022 15:06:12: Mizuki saved Npc #1.
14/08/2022 15:06:12: Mizuki saved Npc #12.
14/08/2022 15:06:19: Mizuki has respawned map #1
14/08/2022 15:12:14: Mizuki salvou a Conversa #1.
14/08/2022 15:12:14: Mizuki salvou a Conversa #3.
14/08/2022 15:34:55: Mizuki salvou a Conversa #1.
14/08/2022 15:34:55: Mizuki salvou a Conversa #2.
14/08/2022 15:34:55: Mizuki salvou a Conversa #3.
14/08/2022 18:44:02: Mizuki saved Npc #1.
14/08/2022 18:44:05: Mizuki has respawned map #1
14/08/2022 18:46:00: Mizuki saved Quest #1.
14/08/2022 18:46:00: Mizuki saved Quest #2.
14/08/2022 19:00:57: Mizuki saved item #1.
14/08/2022 19:01:19: Mizuki saved Npc #1.
14/08/2022 19:13:51: Mizuki saved Npc #1.
14/08/2022 19:13:51: Mizuki saved Npc #2.
14/08/2022 19:27:47: Mizuki saved Npc #1.
14/08/2022 19:27:47: Mizuki saved Npc #2.
27/08/2022 21:03:52: Mizuki saved Serial #1.
27/08/2022 21:06:50: Mizuki saved Serial #1.
27/08/2022 21:10:46: Mizuki saved Serial #1.
27/08/2022 21:12:42: Mizuki saved Serial #1.
27/08/2022 21:12:48: Mizuki saved Serial #1.
27/08/2022 21:49:17: Rodorfo saved Serial #1.
27/08/2022 21:52:31: Rodorfo saved Serial #1.
27/08/2022 21:54:04: Rodorfo saved Serial #1.
27/08/2022 21:54:50: Rodorfo saved Serial #1.
27/08/2022 21:55:05: Rodorfo saved Serial #1.
27/08/2022 21:55:36: Rodorfo saved Resource #1.
27/08/2022 21:55:46: Rodorfo saved Resource #1.
27/08/2022 21:56:52: Rodorfo saved Resource #1.
27/08/2022 21:58:08: Rodorfo saved Resource #1.
27/08/2022 21:58:18: Rodorfo saved Resource #1.
27/08/2022 22:02:32: Rodorfo saved item #1.
27/08/2022 22:02:32: Rodorfo saved item #2.
27/08/2022 22:02:32: Rodorfo saved item #3.
27/08/2022 22:02:46: Rodorfo saved Npc #1.
27/08/2022 22:02:46: Rodorfo saved Npc #2.
27/08/2022 22:15:06: Rodorfo saved item #1.
27/08/2022 22:15:06: Rodorfo saved item #2.
27/08/2022 22:15:06: Rodorfo saved item #3.
27/08/2022 22:20:48: Rodorfo saved item #1.
27/08/2022 22:20:48: Rodorfo saved item #2.
27/08/2022 22:20:48: Rodorfo saved item #3.
27/08/2022 22:22:36: Rodorfo saved item #1.
27/08/2022 22:22:36: Rodorfo saved item #2.
27/08/2022 22:22:36: Rodorfo saved item #3.
27/08/2022 22:22:36: Rodorfo saved item #4.
27/08/2022 22:37:23: Rodorfo warped to map #1.
27/08/2022 22:47:02: Rodorfo saved Npc #1.
27/08/2022 22:47:02: Rodorfo saved Npc #12.
27/08/2022 22:49:11: Rodorfo saved Npc #1.
27/08/2022 22:49:11: Rodorfo saved Npc #2.
28/08/2022 00:00:09: Rodorfo saved Npc #1.
28/08/2022 00:00:09: Rodorfo saved Npc #3.
28/08/2022 00:00:09: Rodorfo saved Npc #15.
28/08/2022 00:04:13: Rodorfo saved Serial #1.
28/08/2022 01:33:15: Rodorfo saved Serial #1.
28/08/2022 11:26:29: Peixonalta saved Serial #1.
28/08/2022 11:34:42: Testandoo saved Serial #1.
28/08/2022 11:35:23: Testandoo saved Serial #1.
28/08/2022 21:55:56: Testandoo saved Serial #1.
28/08/2022 22:03:44: Testandoo saved Npc #1.
28/08/2022 22:03:44: Testandoo saved Npc #4.
28/08/2022 22:04:09: Testandoo saved Npc #1.
28/08/2022 22:04:09: Testandoo saved Npc #4.
28/08/2022 22:04:17: Testandoo has respawned map #1
28/08/2022 22:06:43: Testandoo saved Npc #1.
28/08/2022 22:06:43: Testandoo saved Npc #4.
28/08/2022 22:06:47: Testandoo has respawned map #1
28/08/2022 22:08:38: Testandoo saved Npc #1.
28/08/2022 22:08:38: Testandoo saved Npc #4.
28/08/2022 22:08:39: Testandoo has respawned map #1
28/08/2022 22:09:07: Testandoo saved Npc #1.
28/08/2022 22:09:07: Testandoo saved Npc #4.
28/08/2022 22:39:24: Testandoo saved Serial #1.
28/08/2022 22:44:57: Testandoo salvou a Conversa #1.
28/08/2022 22:44:57: Testandoo salvou a Conversa #4.
28/08/2022 22:47:01: Testandoo salvou a Conversa #1.
28/08/2022 22:47:01: Testandoo salvou a Conversa #4.
28/08/2022 22:49:03: Testandoo saved Npc #1.
28/08/2022 22:49:03: Testandoo saved Npc #2.
28/08/2022 22:49:03: Testandoo saved Npc #3.
28/08/2022 22:49:03: Testandoo saved Npc #5.
30/08/2022 09:27:41: Testandoo saved Quest #1.
30/08/2022 09:27:41: Testandoo saved Quest #2.
30/08/2022 15:54:32: Testandoo saved Quest #1.
30/08/2022 15:55:49: Testandoo saved Spell #1.
30/08/2022 15:55:49: Testandoo saved Spell #2.
30/08/2022 15:55:49: Testandoo saved Spell #3.
30/08/2022 15:55:54: Testandoo saved item #1.
30/08/2022 15:55:54: Testandoo saved item #4.
30/08/2022 16:14:36: Testandoo saved Quest #1.
30/08/2022 16:14:44: Testandoo saved Npc #1.
30/08/2022 16:14:44: Testandoo saved Npc #2.
30/08/2022 16:15:02: Testandoo saved Npc #1.
30/08/2022 16:15:02: Testandoo saved Npc #10.
30/08/2022 16:15:31: Testandoo salvou a Conversa #1.
30/08/2022 16:15:37: Testandoo saved Quest #1.
30/08/2022 16:17:26: Testandoo saved Quest #1.
30/08/2022 16:18:19: Testandoo saved Quest #1.
01/09/2022 01:04:34: Testandoo has respawned map #1
01/09/2022 23:56:14: Testandoo saved Animation #1.
02/09/2022 00:15:41: Testandoo saved Animation #1.
03/09/2022 19:03:56: Testandoo warped to map #2.
03/09/2022 22:18:57: Testandoo saved Animation #1.
03/09/2022 22:28:27: Testandoo saved Animation #1.
03/09/2022 22:28:27: Testandoo saved Animation #2.
03/09/2022 22:28:27: Testandoo saved Animation #3.
10/09/2022 16:58:17: Testandoo saved Quest #1.
10/09/2022 17:04:38: Testandoo saved Npc #1.
10/09/2022 17:04:38: Testandoo saved Npc #2.
13/09/2022 23:05:37: Testandoo saved Npc #1.
13/09/2022 23:05:37: Testandoo saved Npc #4.
13/09/2022 23:14:07: Testandoo salvou a Conversa #1.
13/09/2022 23:14:07: Testandoo salvou a Conversa #2.
13/09/2022 23:14:07: Testandoo salvou a Conversa #3.
13/09/2022 23:14:07: Testandoo salvou a Conversa #4.
13/09/2022 23:14:52: Testandoo saved Quest #1.
13/09/2022 23:14:52: Testandoo saved Quest #2.
13/09/2022 23:17:45: Testandoo saved Serial #1.
13/09/2022 23:19:53: Testandoo saved Quest #1.
13/09/2022 23:19:53: Testandoo saved Quest #2.
13/09/2022 23:19:53: Testandoo saved Quest #3.
13/09/2022 23:24:17: Testandoo saved Quest #1.
13/09/2022 23:24:17: Testandoo saved Quest #2.
13/09/2022 23:25:31: Testandoo saved Quest #1.
13/09/2022 23:25:31: Testandoo saved Quest #2.
13/09/2022 23:25:49: Testandoo saved Npc #1.
13/09/2022 23:25:49: Testandoo saved Npc #2.
13/09/2022 23:26:11: Testandoo has respawned map #2
13/09/2022 23:26:53: Testandoo saved Npc #1.
13/09/2022 23:26:53: Testandoo saved Npc #2.
13/09/2022 23:26:55: Testandoo has respawned map #2
15/09/2022 22:49:44: Alokaa warped to map #1.
15/09/2022 22:49:45: Alokaa warped to map #2.
16/09/2022 00:06:19: Alokaa warped to map #2.
16/09/2022 00:06:21: Alokaa warped to map #1.
16/09/2022 00:06:23: Alokaa warped to map #2.
16/09/2022 00:25:32: Alokaa warped to map #1.
16/09/2022 00:25:34: Alokaa warped to map #2.
17/09/2022 23:05:30: Alokaa has been banned.
17/09/2022 23:28:39: Wead warped to map #1.
17/09/2022 23:28:40: Wead warped to map #2.
18/09/2022 00:58:44: Wead saved Quest #1.
18/09/2022 00:58:51: Wead saved Quest #1.
18/09/2022 00:59:06: Wead saved Quest #1.
23/09/2022 00:01:16: Wead saved Quest #1.
23/09/2022 00:02:41: Wead warped to map #2.
23/09/2022 00:03:31: Wead saved Quest #1.
23/09/2022 00:17:33: Wead warped to map #1.
23/09/2022 00:17:36: Wead warped to map #2.
23/09/2022 00:19:09: Wead saved Quest #1.
23/09/2022 00:19:09: Wead saved Quest #2.
23/09/2022 00:19:19: Wead saved Quest #1.
23/09/2022 00:19:19: Wead saved Quest #2.
23/09/2022 00:20:47: Wead saved Quest #1.
23/09/2022 00:20:47: Wead saved Quest #2.
23/09/2022 00:21:06: Wead saved Quest #1.
23/09/2022 00:25:05: Wead saved Quest #1.
23/09/2022 00:25:25: Wead saved Quest #1.
23/09/2022 00:25:25: Wead saved Quest #2.
23/09/2022 00:25:40: Wead warped to map #1.
23/09/2022 00:25:41: Wead warped to map #2.
23/09/2022 00:34:32: Wead warped to map #1.
23/09/2022 00:34:34: Wead warped to map #2.
23/09/2022 00:38:48: Wead warped to map #2.
24/09/2022 22:48:15: Wead saved Quest #1.
24/09/2022 22:48:47: Wead saved Quest #1.
24/09/2022 22:48:57: Wead saved Quest #1.
24/09/2022 22:49:49: Wead saved Quest #1.
24/09/2022 22:50:05: Wead warped to map #1.
24/09/2022 22:50:07: Wead warped to map #2.
24/09/2022 22:50:22: Wead saved Quest #1.
24/09/2022 22:50:30: Wead saved Quest #1.
24/09/2022 22:51:21: Wead warped to map #2.
24/09/2022 22:55:40: Wead saved Quest #1.
24/09/2022 22:55:53: Wead saved Quest #1.
24/09/2022 22:58:17: Wead saved Quest #1.
24/09/2022 22:59:31: Wead saved Quest #1.
24/09/2022 22:59:35: Wead warped to map #1.
24/09/2022 22:59:37: Wead warped to map #2.
24/09/2022 23:00:43: Wead warped to map #1.
24/09/2022 23:00:45: Wead warped to map #2.
24/09/2022 23:19:36: Wead warped to map #2.
28/09/2022 21:45:23: Wead warped to map #2.
28/09/2022 22:41:38: Wead saved Quest #1.
28/09/2022 22:41:38: Wead saved Quest #2.
28/09/2022 22:41:38: Wead saved Quest #3.
28/09/2022 22:41:41: Wead warped to map #1.
28/09/2022 22:41:43: Wead warped to map #2.
28/09/2022 22:43:08: Wead saved Quest #1.
28/09/2022 22:49:17: Wead saved Resource #1.
29/09/2022 22:42:16: Healer warped to map #2.
29/09/2022 23:07:44: Healer saved Spell #1.
29/09/2022 23:31:04: Healer saved Quest #1.
29/09/2022 23:31:13: Healer saved Quest #1.
29/09/2022 23:33:13: Healer saved Quest #1.
29/09/2022 23:39:09: Healer saved Quest #1.
30/09/2022 16:39:18: Healer saved Quest #1.
30/09/2022 17:01:58: Healer saved Quest #1.
30/09/2022 17:24:13: Healer saved Quest #1.
30/09/2022 17:24:40: Healer saved Quest #1.
30/09/2022 17:25:00: Healer saved Quest #1.
30/09/2022 17:25:33: Healer saved Quest #1.
30/09/2022 17:25:46: Healer saved Quest #1.
30/09/2022 17:30:07: Healer saved Quest #1.
02/10/2022 01:16:01: Healer saved item #1.
02/10/2022 01:16:01: Healer saved item #2.
02/10/2022 01:16:01: Healer saved item #3.
02/10/2022 01:16:01: Healer saved item #4.
02/10/2022 01:16:01: Healer saved item #5.
02/10/2022 01:16:01: Healer saved item #6.
02/10/2022 01:16:01: Healer saved item #7.
02/10/2022 01:16:01: Healer saved item #8.
02/10/2022 01:16:01: Healer saved item #9.
02/10/2022 01:16:01: Healer saved item #10.
02/10/2022 02:07:47: Healer saved Conjunto #1.
02/10/2022 02:08:52: Healer saved Conjunto #1.
02/10/2022 02:09:00: Healer saved Conjunto #1.
02/10/2022 02:09:33: Healer saved Conjunto #1.
02/10/2022 02:12:04: Healer saved Conjunto #1.
02/10/2022 02:14:19: Healer saved Conjunto #1.
02/10/2022 02:16:05: Healer saved Animation #1.
02/10/2022 02:24:16: Healer saved Conjunto #1.
02/10/2022 02:26:33: Healer saved Conjunto #1.
02/10/2022 02:26:36: Healer saved Conjunto #1.
02/10/2022 02:27:11: Healer saved Conjunto #1.
02/10/2022 02:27:14: Healer saved Conjunto #1.
02/10/2022 02:27:44: Healer saved Conjunto #1.
02/10/2022 02:27:44: Healer saved Conjunto #2.
02/10/2022 02:28:08: Healer saved Conjunto #1.
02/10/2022 02:28:17: Healer saved Conjunto #1.
02/10/2022 02:28:52: Healer saved Conjunto #1.
02/10/2022 22:24:59: Healer saved Npc #1.
02/10/2022 22:24:59: Healer saved Npc #2.
02/10/2022 22:29:27: Healer saved Conjunto #1.
03/10/2022 16:33:39: Healer saved Npc #1.
03/10/2022 16:33:39: Healer saved Npc #2.
03/10/2022 16:34:17: Healer saved Conjunto #1.
03/10/2022 16:34:32: Healer saved Conjunto #1.
03/10/2022 16:36:06: Healer saved Npc #1.
03/10/2022 16:36:06: Healer saved Npc #2.
03/10/2022 16:37:48: Healer saved Npc #1.
03/10/2022 16:37:48: Healer saved Npc #2.
03/10/2022 16:40:02: Healer saved Conjunto #1.
03/10/2022 16:46:56: Healer saved Conjunto #1.
03/10/2022 16:47:10: Healer saved Conjunto #1.
03/10/2022 16:47:33: Healer saved Conjunto #1.
03/10/2022 16:55:05: Healer saved Npc #1.
03/10/2022 16:55:05: Healer saved Npc #2.
03/10/2022 16:56:23: Healer saved item #1.
03/10/2022 16:56:23: Healer saved item #2.
03/10/2022 16:56:23: Healer saved item #3.
03/10/2022 16:56:23: Healer saved item #5.
03/10/2022 16:56:23: Healer saved item #6.
03/10/2022 16:56:23: Healer saved item #7.
03/10/2022 16:56:23: Healer saved item #8.
03/10/2022 16:56:23: Healer saved item #9.
03/10/2022 16:56:23: Healer saved item #10.
03/10/2022 16:56:44: Healer saved Npc #1.
03/10/2022 16:56:44: Healer saved Npc #2.
03/10/2022 16:57:05: Healer warped to map #2.
03/10/2022 16:57:52: Healer warped to map #2.
03/10/2022 16:58:14: Healer saved Npc #1.
03/10/2022 16:58:14: Healer saved Npc #2.
03/10/2022 17:02:51: Healer has respawned map #2
09/10/2022 21:34:26: Healer saved Conjunto #1.
09/10/2022 22:01:07: Healer saved Conjunto #1.
09/10/2022 22:15:55: Healer saved Conjunto #1.
09/10/2022 22:19:27: Healer saved Conjunto #1.
09/10/2022 22:21:24: Healer saved Conjunto #1.
09/10/2022 22:21:57: Healer saved Conjunto #1.
09/10/2022 22:27:52: Healer saved Conjunto #1.
09/10/2022 22:40:49: Healer saved Conjunto #1.
09/10/2022 22:41:01: Healer saved Conjunto #1.
09/10/2022 22:41:25: Healer saved Conjunto #1.
11/10/2022 08:55:45: Healer saved Quest #1.
11/10/2022 08:55:45: Healer saved Quest #2.
11/10/2022 09:17:10: Healer saved Npc #1.
11/10/2022 09:17:10: Healer saved Npc #2.
11/10/2022 09:19:52: Healer saved Npc #1.
11/10/2022 09:19:52: Healer saved Npc #2.
11/10/2022 09:20:01: Healer saved Npc #1.
11/10/2022 09:20:01: Healer saved Npc #2.
11/10/2022 09:20:04: Healer has respawned map #2
13/10/2022 22:52:04: PorraLoka warped to map #3.
13/10/2022 22:54:09: PorraLoka warped to map #1.
13/10/2022 22:55:35: PorraLoka saved item #1.
13/10/2022 22:55:35: PorraLoka saved item #2.
13/10/2022 22:55:35: PorraLoka saved item #3.
13/10/2022 22:55:55: PorraLoka saved item #1.
13/10/2022 22:55:55: PorraLoka saved item #3.
13/10/2022 23:02:54: PorraLoka warped to map #1.
13/10/2022 23:02:55: PorraLoka warped to map #2.
13/10/2022 23:03:14: PorraLoka saved Conjunto #1.
13/10/2022 23:03:33: PorraLoka saved item #1.
13/10/2022 23:03:33: PorraLoka saved item #3.
13/10/2022 23:03:33: PorraLoka saved item #5.
13/10/2022 23:03:59: PorraLoka saved item #1.
13/10/2022 23:03:59: PorraLoka saved item #3.
13/10/2022 23:06:40: PorraLoka saved item #1.
13/10/2022 23:06:40: PorraLoka saved item #3.
13/10/2022 23:10:47: PorraLoka saved item #1.
13/10/2022 23:10:47: PorraLoka saved item #3.
13/10/2022 23:11:39: PorraLoka saved item #1.
13/10/2022 23:11:39: PorraLoka saved item #3.
13/10/2022 23:14:32: PorraLoka saved item #1.
13/10/2022 23:16:54: PorraLoka saved item #1.
13/10/2022 23:16:54: PorraLoka saved item #2.
13/10/2022 23:16:55: PorraLoka saved item #3.
13/10/2022 23:16:55: PorraLoka saved item #4.
13/10/2022 23:16:56: PorraLoka saved item #5.
13/10/2022 23:16:56: PorraLoka saved item #6.
13/10/2022 23:16:56: PorraLoka saved item #7.
13/10/2022 23:16:56: PorraLoka saved item #8.
13/10/2022 23:16:56: PorraLoka saved item #9.
13/10/2022 23:17:01: PorraLoka saved item #10.
13/10/2022 23:19:34: PorraLoka saved item #1.
13/10/2022 23:19:34: PorraLoka saved item #2.
13/10/2022 23:19:34: PorraLoka saved item #3.
13/10/2022 23:19:34: PorraLoka saved item #4.
13/10/2022 23:19:34: PorraLoka saved item #5.
13/10/2022 23:19:34: PorraLoka saved item #6.
13/10/2022 23:19:34: PorraLoka saved item #7.
13/10/2022 23:19:34: PorraLoka saved item #8.
13/10/2022 23:19:34: PorraLoka saved item #9.
13/10/2022 23:19:34: PorraLoka saved item #10.
13/10/2022 23:20:20: PorraLoka saved Conjunto #1.
13/10/2022 23:20:56: PorraLoka saved Conjunto #1.
13/10/2022 23:29:15: PorraLoka warped to map #2.
19/10/2022 11:48:53: Testandoo saved Serial #1.
19/10/2022 11:49:26: Testandoo saved Serial #1.
19/10/2022 11:52:15: Testandoo saved Serial #1.
19/10/2022 11:52:15: Testandoo saved Serial #2.
19/10/2022 11:52:15: Testandoo saved Serial #3.
19/10/2022 11:52:15: Testandoo saved Serial #4.
19/10/2022 11:52:58: Testandoo saved Serial #1.
19/10/2022 11:53:13: Testandoo saved Serial #1.
19/10/2022 11:53:13: Testandoo saved Serial #2.
19/10/2022 11:53:13: Testandoo saved Serial #3.
19/10/2022 17:03:46: Testandoo warped to map #1.
19/10/2022 17:03:53: Testandoo warped to map #1.
19/10/2022 17:03:55: Testandoo warped to map #1.
19/10/2022 17:03:56: Testandoo warped to map #1.
19/10/2022 17:03:57: Testandoo warped to map #1.
19/10/2022 17:03:58: Testandoo warped to map #1.
19/10/2022 17:03:58: Testandoo warped to map #1.
19/10/2022 17:03:58: Testandoo warped to map #1.
19/10/2022 17:03:58: Testandoo warped to map #1.
19/10/2022 17:03:59: Testandoo warped to map #1.
19/10/2022 17:03:59: Testandoo warped to map #1.
19/10/2022 17:03:59: Testandoo warped to map #1.
19/10/2022 17:03:59: Testandoo warped to map #1.
19/10/2022 17:03:59: Testandoo warped to map #1.
19/10/2022 17:04:00: Testandoo warped to map #1.
19/10/2022 17:04:00: Testandoo warped to map #1.
19/10/2022 17:04:00: Testandoo warped to map #1.
19/10/2022 17:04:00: Testandoo warped to map #1.
19/10/2022 17:04:03: Testandoo warped to map #2.
19/10/2022 17:04:11: Testandoo warped to map #1.
19/10/2022 17:04:18: Testandoo warped to map #2.
24/10/2022 16:39:55: Testandoo saved Serial #1.
26/10/2022 12:49:38: Forrado warped to map #2.
26/10/2022 12:49:39: Forrado warped to map #1.
26/10/2022 12:49:40: Forrado warped to map #2.
26/10/2022 15:33:15: Forrado saved Resource #1.
26/10/2022 15:35:23: Forrado saved Npc #1.
26/10/2022 15:35:23: Forrado saved Npc #2.
26/10/2022 15:35:23: Forrado saved Npc #3.
26/10/2022 15:35:23: Forrado saved Npc #4.
26/10/2022 15:35:23: Forrado saved Npc #10.
26/10/2022 15:35:23: Forrado saved Npc #11.
26/10/2022 15:35:23: Forrado saved Npc #12.
12/11/2022 14:28:05: Testandoo saved Resource #1.
12/11/2022 14:28:52: Testandoo saved item #1.
12/11/2022 14:28:52: Testandoo saved item #3.
12/11/2022 14:29:12: Testandoo warped to map #2.
12/11/2022 14:29:26: Testandoo saved item #1.
12/11/2022 14:29:26: Testandoo saved item #3.
12/11/2022 14:29:39: Testandoo saved item #1.
12/11/2022 14:29:39: Testandoo saved item #3.
12/11/2022 14:30:16: Testandoo saved item #1.
12/11/2022 14:30:16: Testandoo saved item #3.
12/11/2022 14:32:04: Testandoo saved item #1.
12/11/2022 14:32:04: Testandoo saved item #3.
12/11/2022 14:33:04: Testandoo saved item #1.
12/11/2022 14:33:04: Testandoo saved item #3.
12/11/2022 14:40:48: Testandoo saved Npc #1.
12/11/2022 14:40:48: Testandoo saved Npc #2.
12/11/2022 14:50:51: Testandoo saved Npc #1.
12/11/2022 14:50:51: Testandoo saved Npc #2.
12/11/2022 14:52:35: Testandoo saved Npc #1.
12/11/2022 14:52:35: Testandoo saved Npc #2.
12/11/2022 14:53:02: Testandoo saved Npc #1.
12/11/2022 14:53:02: Testandoo saved Npc #2.
12/11/2022 14:53:25: Testandoo saved Npc #1.
12/11/2022 14:53:25: Testandoo saved Npc #2.
12/11/2022 14:55:36: Testandoo saved Npc #1.
12/11/2022 14:55:36: Testandoo saved Npc #2.
12/11/2022 14:58:19: Testandoo saved Npc #1.
12/11/2022 14:58:19: Testandoo saved Npc #2.
12/11/2022 15:04:30: Testandoo saved Npc #1.
12/11/2022 15:04:30: Testandoo saved Npc #2.
12/11/2022 15:36:55: Testandoo saved Npc #1.
12/11/2022 15:36:55: Testandoo saved Npc #2.
12/11/2022 15:48:39: Testandoo saved Npc #1.
12/11/2022 15:48:39: Testandoo saved Npc #2.
12/11/2022 15:57:30: Testandoo saved Npc #1.
12/11/2022 15:57:30: Testandoo saved Npc #2.
12/11/2022 16:08:10: Testandoo saved Npc #1.
12/11/2022 16:08:10: Testandoo saved Npc #2.
12/11/2022 16:36:32: Testandoo saved Npc #1.
12/11/2022 16:36:33: Testandoo saved Npc #2.
12/11/2022 16:36:40: Testandoo has respawned map #2
12/11/2022 16:37:21: Testandoo saved Npc #1.
12/11/2022 16:37:21: Testandoo saved Npc #2.
12/11/2022 16:46:15: Testandoo saved Npc #1.
12/11/2022 16:46:15: Testandoo saved Npc #2.
12/11/2022 16:48:21: Testandoo has respawned map #2
12/11/2022 21:41:00: Testandoo saved Npc #1.
12/11/2022 21:41:00: Testandoo saved Npc #2.
12/11/2022 21:41:18: Testandoo saved Npc #1.
12/11/2022 21:41:18: Testandoo saved Npc #2.
12/11/2022 21:44:23: Testandoo saved Npc #1.
12/11/2022 21:44:41: Testandoo saved Npc #1.
12/11/2022 21:44:41: Testandoo saved Npc #2.
12/11/2022 21:51:06: Testandoo saved Npc #1.
12/11/2022 21:51:06: Testandoo saved Npc #2.
12/11/2022 21:54:33: Testandoo saved Npc #1.
12/11/2022 21:54:33: Testandoo saved Npc #2.
12/11/2022 21:59:04: Testandoo saved Npc #1.
12/11/2022 21:59:04: Testandoo saved Npc #2.
12/11/2022 22:09:22: Testandoo saved item #1.
12/11/2022 22:09:22: Testandoo saved item #11.
12/11/2022 22:10:25: Testandoo saved item #1.
12/11/2022 22:10:25: Testandoo saved item #11.
12/11/2022 22:10:25: Testandoo saved item #12.
12/11/2022 22:10:25: Testandoo saved item #14.
12/11/2022 22:10:55: Testandoo saved item #1.
12/11/2022 22:10:55: Testandoo saved item #11.
12/11/2022 22:10:55: Testandoo saved item #12.
12/11/2022 22:13:34: Testandoo saved item #1.
12/11/2022 22:13:34: Testandoo saved item #4.
12/11/2022 22:30:36: Testandoo saved Npc #1.
12/11/2022 22:30:36: Testandoo saved Npc #2.
12/11/2022 22:30:47: Testandoo has respawned map #2
12/11/2022 22:32:24: Testandoo saved Npc #1.
12/11/2022 22:32:24: Testandoo saved Npc #2.
12/11/2022 22:35:05: Testandoo has respawned map #2
12/11/2022 22:45:09: Testandoo saved Npc #1.
12/11/2022 22:45:09: Testandoo saved Npc #2.
12/11/2022 22:46:24: Testandoo warped to map #1.
12/11/2022 22:46:26: Testandoo warped to map #2.
12/11/2022 22:53:12: Testandoo warped to map #1.
12/11/2022 22:53:17: Testandoo warped to map #2.
12/11/2022 22:54:00: Testandoo has respawned map #2
12/11/2022 22:59:20: Testandoo saved Npc #1.
12/11/2022 22:59:20: Testandoo saved Npc #2.
12/11/2022 23:00:48: Testandoo has respawned map #2
12/11/2022 23:06:38: Testandoo saved Npc #1.
12/11/2022 23:06:38: Testandoo saved Npc #2.
12/11/2022 23:06:48: Testandoo warped to map #1.
12/11/2022 23:06:51: Testandoo warped to map #2.
12/11/2022 23:07:25: Testandoo warped to map #1.
12/11/2022 23:08:13: Testandoo warped to map #3.
12/11/2022 23:09:26: Testandoo warped to map #1.
12/11/2022 23:09:55: Testandoo warped to map #3.
12/11/2022 23:10:02: Testandoo warped to map #1.
12/11/2022 23:11:11: Testandoo warped to map #3.
12/11/2022 23:11:12: Testandoo warped to map #1.
12/11/2022 23:11:16: Testandoo warped to map #3.
12/11/2022 23:11:22: Testandoo warped to map #1.
12/11/2022 23:11:46: Testandoo warped to map #3.
12/11/2022 23:11:51: Testandoo warped to map #1.
12/11/2022 23:19:17: Testandoo warped to map #3.
12/11/2022 23:19:19: Testandoo warped to map #1.
15/11/2022 10:53:00: Testandoo saving shop #1.
15/11/2022 10:55:47: Testandoo saving shop #1.
15/11/2022 11:17:13: Testandoo saved item #1.
15/11/2022 11:17:59: Testandoo saving shop #1.
15/11/2022 11:36:30: Testandoo saving shop #1.
15/11/2022 11:54:28: Testandoo saved Conjunto #1.
15/11/2022 11:54:28: Testandoo saved Conjunto #2.
15/11/2022 11:54:40: Testandoo saved Conjunto #1.
15/11/2022 11:54:40: Testandoo saved Conjunto #2.
15/11/2022 11:54:57: Testandoo saved Conjunto #1.
15/11/2022 11:55:52: Testandoo saved Conjunto #1.
15/11/2022 11:56:07: Testandoo saved Conjunto #1.
15/11/2022 11:56:07: Testandoo saved Conjunto #2.
15/11/2022 12:05:38: Testandoo warped to map #1.
15/11/2022 12:05:41: Testandoo warped to map #2.
15/11/2022 12:06:30: Testandoo has respawned map #2
15/11/2022 12:09:40: Testandoo saved Conjunto #1.
15/11/2022 12:10:31: Testandoo saved Npc #1.
15/11/2022 12:10:31: Testandoo saved Npc #2.
15/11/2022 13:16:36: Testandoo warped to map #1.
15/11/2022 13:16:37: Testandoo warped to map #2.
15/11/2022 13:16:47: Testandoo warped to map #1.
15/11/2022 13:16:48: Testandoo warped to map #2.
15/11/2022 13:26:16: Testandoo saved Spell #1.
15/11/2022 13:42:22: Testandoo saved Conjunto #1.
15/11/2022 13:45:57: Testandoo saved Conjunto #1.
15/11/2022 20:01:47: Testandoo saved Resource #1.
15/11/2022 20:09:44: Testandoo has respawned map #2
15/11/2022 20:11:31: Testandoo warped to map #2.
15/11/2022 20:11:33: Testandoo warped to map #1.
15/11/2022 20:12:46: Testandoo warped to map #2.
24/11/2022 19:58:44: Podolfo warped to map #2.
25/11/2022 16:49:02: Podolfo saved Npc #1.
25/11/2022 16:49:02: Podolfo saved Npc #2.
25/11/2022 16:49:09: Podolfo has respawned map #2
25/11/2022 16:57:45: Podolfo saved Npc #1.
25/11/2022 16:57:45: Podolfo saved Npc #2.
25/11/2022 16:58:17: Podolfo saved Conjunto #1.
25/11/2022 17:23:52: Podolfo saved Quest #1.
25/11/2022 17:25:01: Podolfo saved Quest #1.
25/11/2022 17:26:18: Podolfo saved Quest #1.
25/11/2022 17:28:48: Podolfo saved Quest #1.
26/11/2022 17:31:51: Podolfo saved Npc #1.
26/11/2022 17:31:51: Podolfo saved Npc #2.
26/11/2022 17:47:38: Podolfo saved item #1.
26/11/2022 17:47:38: Podolfo saved item #4.
26/11/2022 17:49:47: Podolfo saved item #1.
26/11/2022 17:49:47: Podolfo saved item #4.
11/12/2022 18:23:14: Podolfo saved item #1.
11/12/2022 18:23:14: Podolfo saved item #3.
20/12/2022 16:08:15: Janinho saved item #1.
20/12/2022 16:08:15: Janinho saved item #12.
20/12/2022 16:10:15: Janinho saved Npc #1.
20/12/2022 16:10:15: Janinho saved Npc #2.
20/12/2022 16:14:20: Janinho warped to map #1.
20/12/2022 16:14:22: Janinho warped to map #2.
20/12/2022 16:14:29: Janinho has warped Hakalitano to self, map #2.
20/12/2022 16:32:43: Janinho saved item #1.
20/12/2022 16:32:43: Janinho saved item #11.
20/12/2022 16:32:43: Janinho saved item #12.
25/12/2022 09:47:23: Janinho saved Quest #1.
25/12/2022 22:05:13: Janinho saved item #1.
25/12/2022 22:05:13: Janinho saved item #13.
25/12/2022 22:43:50: Janinho saved item #1.
25/12/2022 22:43:50: Janinho saved item #14.
15/01/2023 14:44:15: Janinho saved Quest #1.
15/01/2023 14:44:15: Janinho saved Quest #2.
22/01/2023 15:48:05: Janinho saved Npc #1.
22/01/2023 15:48:05: Janinho saved Npc #13.
22/01/2023 15:49:14: Janinho saved Npc #1.
22/01/2023 15:49:14: Janinho saved Npc #13.
22/01/2023 15:49:59: Janinho salvou a Conversa #1.
22/01/2023 15:49:59: Janinho salvou a Conversa #5.
22/01/2023 15:50:07: Janinho salvou a Conversa #1.
22/01/2023 15:50:07: Janinho salvou a Conversa #5.
22/01/2023 15:50:20: Janinho saved Npc #1.
22/01/2023 15:50:20: Janinho saved Npc #13.
22/01/2023 15:50:29: Janinho has respawned map #2
22/01/2023 15:50:51: Janinho saved Npc #1.
22/01/2023 15:50:51: Janinho saved Npc #13.
22/01/2023 15:50:56: Janinho has respawned map #2
22/01/2023 15:51:55: Janinho has respawned map #2
22/01/2023 16:41:24: Janinho saved item #1.
22/01/2023 16:41:24: Janinho saved item #11.
22/01/2023 16:41:24: Janinho saved item #12.
23/01/2023 16:11:37: Janinho saving shop #1.
25/01/2023 20:45:33: Pintoldo warped to map #1.
25/01/2023 20:45:36: Pintoldo warped to map #2.
30/01/2023 16:14:28: Porcao warped to map #1.
30/01/2023 16:14:29: Porcao warped to map #2.
05/02/2023 16:24:24: Porcao warped to map #1.
05/02/2023 16:24:26: Porcao warped to map #2.
05/02/2023 17:40:02: Peixo warped to map #1.
05/02/2023 17:40:03: Peixo warped to map #2.
05/02/2023 17:40:05: Peixo warped to map #1.
05/02/2023 18:03:44: Peixo warped to map #2.
05/02/2023 19:26:28: Peixo has warped PorcoAranhha to self, map #2.
05/02/2023 19:31:23: Peixo has respawned map #2
05/02/2023 19:34:50: Peixo has respawned map #2
